<?xml version="1.0" encoding="UTF-8"?>
<testng-results ignored="0" total="1" passed="1" failed="0" skipped="0">
  <reporter-output>
  </reporter-output>
  <suite started-at="2019-12-17T00:24:44 IST" name="Default suite" finished-at="2019-12-17T00:24:44 IST" duration-ms="159">
    <groups>
    </groups>
    <test started-at="2019-12-17T00:24:44 IST" name="Default test" finished-at="2019-12-17T00:24:44 IST" duration-ms="159">
      <class name="com.test.TestNGSample">
        <test-method is-config="true" signature="Setup()[pri:0, instance:com.test.TestNGSample@7ea37dbf]" started-at="2019-12-17T00:24:44 IST" name="Setup" finished-at="2019-12-17T00:24:44 IST" duration-ms="69" status="PASS">
          <reporter-output>
          </reporter-output>
        </test-method> <!-- Setup -->
        <test-method is-config="true" signature="EnterURL()[pri:0, instance:com.test.TestNGSample@7ea37dbf]" started-at="2019-12-17T00:24:44 IST" name="EnterURL" finished-at="2019-12-17T00:24:44 IST" duration-ms="0" status="PASS">
          <reporter-output>
          </reporter-output>
        </test-method> <!-- EnterURL -->
        <test-method is-config="true" signature="launchBrowser()[pri:0, instance:com.test.TestNGSample@7ea37dbf]" started-at="2019-12-17T00:24:44 IST" name="launchBrowser" finished-at="2019-12-17T00:24:44 IST" duration-ms="0" status="PASS">
          <reporter-output>
          </reporter-output>
        </test-method> <!-- launchBrowser -->
        <test-method is-config="true" signature="login()[pri:0, instance:com.test.TestNGSample@7ea37dbf]" started-at="2019-12-17T00:24:44 IST" name="login" finished-at="2019-12-17T00:24:44 IST" duration-ms="0" status="PASS">
          <reporter-output>
          </reporter-output>
        </test-method> <!-- login -->
        <test-method signature="GoogleTitleTest()[pri:0, instance:com.test.TestNGSample@7ea37dbf]" started-at="2019-12-17T00:24:44 IST" name="GoogleTitleTest" finished-at="2019-12-17T00:24:44 IST" duration-ms="31" status="PASS">
          <reporter-output>
          </reporter-output>
        </test-method> <!-- GoogleTitleTest -->
        <test-method is-config="true" signature="deleteCookies()[pri:0, instance:com.test.TestNGSample@7ea37dbf]" started-at="2019-12-17T00:24:44 IST" name="deleteCookies" finished-at="2019-12-17T00:24:44 IST" duration-ms="0" status="PASS">
          <reporter-output>
          </reporter-output>
        </test-method> <!-- deleteCookies -->
        <test-method is-config="true" signature="logout()[pri:0, instance:com.test.TestNGSample@7ea37dbf]" started-at="2019-12-17T00:24:44 IST" name="logout" finished-at="2019-12-17T00:24:44 IST" duration-ms="0" status="PASS">
          <reporter-output>
          </reporter-output>
        </test-method> <!-- logout -->
        <test-method is-config="true" signature="CloseBrowser()[pri:0, instance:com.test.TestNGSample@7ea37dbf]" started-at="2019-12-17T00:24:44 IST" name="CloseBrowser" finished-at="2019-12-17T00:24:44 IST" duration-ms="0" status="PASS">
          <reporter-output>
          </reporter-output>
        </test-method> <!-- CloseBrowser -->
      </class> <!-- com.test.TestNGSample -->
    </test> <!-- Default test -->
  </suite> <!-- Default suite -->
</testng-results>
